Flow report for NiosWithTopLevel
Mon May 14 23:36:27 2018
Quartus II 64-Bit Version 13.0.0 Build 156 04/24/2013 SJ Web Edition


---------------------
; Table of Contents ;
---------------------
  1. Legal Notice
  2. Flow Summary
  3. Flow Settings
  4. Flow Non-Default Global Settings
  5. Flow Elapsed Time
  6. Flow OS Summary
  7. Flow Log
  8. Flow Messages
  9. Flow Suppressed Messages



----------------
; Legal Notice ;
----------------
Copyright (C) 1991-2013 Altera Corporation
Your use of Altera Corporation's design tools, logic functions 
and other software and tools, and its AMPP partner logic 
functions, and any output files from any of the foregoing 
(including device programming or simulation files), and any 
associated documentation or information are expressly subject 
to the terms and conditions of the Altera Program License 
Subscription Agreement, Altera MegaCore Function License 
Agreement, or other applicable license agreement, including, 
without limitation, that your use is for the sole purpose of 
programming logic devices manufactured by Altera and sold by 
Altera or its authorized distributors.  Please refer to the 
applicable agreement for further details.



+---------------------------------------------------------------------------------+
; Flow Summary                                                                    ;
+------------------------------------+--------------------------------------------+
; Flow Status                        ; Successful - Mon May 14 23:36:27 2018      ;
; Quartus II 64-Bit Version          ; 13.0.0 Build 156 04/24/2013 SJ Web Edition ;
; Revision Name                      ; NiosWithTopLevel                           ;
; Top-level Entity Name              ; HostSystem                                 ;
; Family                             ; Cyclone II                                 ;
; Device                             ; EP2C35F672C6                               ;
; Timing Models                      ; Final                                      ;
; Total logic elements               ; 1,123 / 33,216 ( 3 % )                     ;
;     Total combinational functions  ; 1,068 / 33,216 ( 3 % )                     ;
;     Dedicated logic registers      ; 569 / 33,216 ( 2 % )                       ;
; Total registers                    ; 569                                        ;
; Total pins                         ; 4 / 475 ( < 1 % )                          ;
; Total virtual pins                 ; 0                                          ;
; Total memory bits                  ; 67,584 / 483,840 ( 14 % )                  ;
; Embedded Multiplier 9-bit elements ; 0 / 70 ( 0 % )                             ;
; Total PLLs                         ; 0 / 4 ( 0 % )                              ;
+------------------------------------+--------------------------------------------+


+-----------------------------------------+
; Flow Settings                           ;
+-------------------+---------------------+
; Option            ; Setting             ;
+-------------------+---------------------+
; Start date & time ; 05/14/2018 23:36:00 ;
; Main task         ; Compilation         ;
; Revision Name     ; NiosWithTopLevel    ;
+-------------------+---------------------+


+--------------------------------------------------------------------------------------------------------------------------------------------------------------------------+
; Flow Non-Default Global Settings                                                                                                                                         ;
+-------------------------------------+--------------------------------------------------------------+------------------+---------------------------------+----------------+
; Assignment Name                     ; Value                                                        ; Default Value    ; Entity Name                     ; Section Id     ;
+-------------------------------------+--------------------------------------------------------------+------------------+---------------------------------+----------------+
; COMPILER_SIGNATURE_ID               ; 48710638589335.152635176014076                               ; --               ; --                              ; --             ;
; EDA_OUTPUT_DATA_FORMAT              ; Vhdl                                                         ; --               ; --                              ; eda_simulation ;
; EDA_SIMULATION_TOOL                 ; ModelSim-Altera (VHDL)                                       ; <None>           ; --                              ; --             ;
; IP_TOOL_ENV                         ; Qsys                                                         ; --               ; HostSystem                      ; --             ;
; IP_TOOL_ENV                         ; Qsys                                                         ; --               ; HostSystem_addr_router          ; --             ;
; IP_TOOL_ENV                         ; Qsys                                                         ; --               ; HostSystem_addr_router_001      ; --             ;
; IP_TOOL_ENV                         ; Qsys                                                         ; --               ; HostSystem_cmd_xbar_demux       ; --             ;
; IP_TOOL_ENV                         ; Qsys                                                         ; --               ; HostSystem_cmd_xbar_demux_001   ; --             ;
; IP_TOOL_ENV                         ; Qsys                                                         ; --               ; HostSystem_cmd_xbar_mux_001     ; --             ;
; IP_TOOL_ENV                         ; Qsys                                                         ; --               ; HostSystem_cpu                  ; --             ;
; IP_TOOL_ENV                         ; Qsys                                                         ; --               ; HostSystem_id_router            ; --             ;
; IP_TOOL_ENV                         ; Qsys                                                         ; --               ; HostSystem_id_router_001        ; --             ;
; IP_TOOL_ENV                         ; Qsys                                                         ; --               ; HostSystem_id_router_002        ; --             ;
; IP_TOOL_ENV                         ; Qsys                                                         ; --               ; HostSystem_irq_mapper           ; --             ;
; IP_TOOL_ENV                         ; Qsys                                                         ; --               ; HostSystem_memory               ; --             ;
; IP_TOOL_ENV                         ; Qsys                                                         ; --               ; HostSystem_rsp_xbar_demux_001   ; --             ;
; IP_TOOL_ENV                         ; Qsys                                                         ; --               ; HostSystem_rsp_xbar_mux         ; --             ;
; IP_TOOL_ENV                         ; Qsys                                                         ; --               ; HostSystem_uart                 ; --             ;
; IP_TOOL_ENV                         ; Qsys                                                         ; --               ; altera_avalon_sc_fifo           ; --             ;
; IP_TOOL_ENV                         ; Qsys                                                         ; --               ; altera_merlin_burst_adapter     ; --             ;
; IP_TOOL_ENV                         ; Qsys                                                         ; --               ; altera_merlin_master_agent      ; --             ;
; IP_TOOL_ENV                         ; Qsys                                                         ; --               ; altera_merlin_master_translator ; --             ;
; IP_TOOL_ENV                         ; Qsys                                                         ; --               ; altera_merlin_slave_agent       ; --             ;
; IP_TOOL_ENV                         ; Qsys                                                         ; --               ; altera_merlin_slave_translator  ; --             ;
; IP_TOOL_ENV                         ; Qsys                                                         ; --               ; altera_merlin_width_adapter     ; --             ;
; IP_TOOL_ENV                         ; Qsys                                                         ; --               ; altera_reset_controller         ; --             ;
; IP_TOOL_NAME                        ; Qsys                                                         ; --               ; HostSystem                      ; --             ;
; IP_TOOL_NAME                        ; altera_merlin_router                                         ; --               ; HostSystem_addr_router          ; --             ;
; IP_TOOL_NAME                        ; altera_merlin_router                                         ; --               ; HostSystem_addr_router_001      ; --             ;
; IP_TOOL_NAME                        ; altera_merlin_demultiplexer                                  ; --               ; HostSystem_cmd_xbar_demux       ; --             ;
; IP_TOOL_NAME                        ; altera_merlin_demultiplexer                                  ; --               ; HostSystem_cmd_xbar_demux_001   ; --             ;
; IP_TOOL_NAME                        ; altera_merlin_multiplexer                                    ; --               ; HostSystem_cmd_xbar_mux_001     ; --             ;
; IP_TOOL_NAME                        ; altera_nios2_qsys                                            ; --               ; HostSystem_cpu                  ; --             ;
; IP_TOOL_NAME                        ; altera_merlin_router                                         ; --               ; HostSystem_id_router            ; --             ;
; IP_TOOL_NAME                        ; altera_merlin_router                                         ; --               ; HostSystem_id_router_001        ; --             ;
; IP_TOOL_NAME                        ; altera_merlin_router                                         ; --               ; HostSystem_id_router_002        ; --             ;
; IP_TOOL_NAME                        ; altera_irq_mapper                                            ; --               ; HostSystem_irq_mapper           ; --             ;
; IP_TOOL_NAME                        ; altera_avalon_onchip_memory2                                 ; --               ; HostSystem_memory               ; --             ;
; IP_TOOL_NAME                        ; altera_merlin_demultiplexer                                  ; --               ; HostSystem_rsp_xbar_demux_001   ; --             ;
; IP_TOOL_NAME                        ; altera_merlin_multiplexer                                    ; --               ; HostSystem_rsp_xbar_mux         ; --             ;
; IP_TOOL_NAME                        ; altera_avalon_uart                                           ; --               ; HostSystem_uart                 ; --             ;
; IP_TOOL_NAME                        ; altera_avalon_sc_fifo                                        ; --               ; altera_avalon_sc_fifo           ; --             ;
; IP_TOOL_NAME                        ; altera_merlin_burst_adapter                                  ; --               ; altera_merlin_burst_adapter     ; --             ;
; IP_TOOL_NAME                        ; altera_merlin_master_agent                                   ; --               ; altera_merlin_master_agent      ; --             ;
; IP_TOOL_NAME                        ; altera_merlin_master_translator                              ; --               ; altera_merlin_master_translator ; --             ;
; IP_TOOL_NAME                        ; altera_merlin_slave_agent                                    ; --               ; altera_merlin_slave_agent       ; --             ;
; IP_TOOL_NAME                        ; altera_merlin_slave_translator                               ; --               ; altera_merlin_slave_translator  ; --             ;
; IP_TOOL_NAME                        ; altera_merlin_width_adapter                                  ; --               ; altera_merlin_width_adapter     ; --             ;
; IP_TOOL_NAME                        ; altera_reset_controller                                      ; --               ; altera_reset_controller         ; --             ;
; IP_TOOL_VERSION                     ; 13.0                                                         ; --               ; HostSystem                      ; --             ;
; IP_TOOL_VERSION                     ; 13.0                                                         ; --               ; HostSystem_addr_router          ; --             ;
; IP_TOOL_VERSION                     ; 13.0                                                         ; --               ; HostSystem_addr_router_001      ; --             ;
; IP_TOOL_VERSION                     ; 13.0                                                         ; --               ; HostSystem_cmd_xbar_demux       ; --             ;
; IP_TOOL_VERSION                     ; 13.0                                                         ; --               ; HostSystem_cmd_xbar_demux_001   ; --             ;
; IP_TOOL_VERSION                     ; 13.0                                                         ; --               ; HostSystem_cmd_xbar_mux_001     ; --             ;
; IP_TOOL_VERSION                     ; 13.0                                                         ; --               ; HostSystem_cpu                  ; --             ;
; IP_TOOL_VERSION                     ; 13.0                                                         ; --               ; HostSystem_id_router            ; --             ;
; IP_TOOL_VERSION                     ; 13.0                                                         ; --               ; HostSystem_id_router_001        ; --             ;
; IP_TOOL_VERSION                     ; 13.0                                                         ; --               ; HostSystem_id_router_002        ; --             ;
; IP_TOOL_VERSION                     ; 13.0                                                         ; --               ; HostSystem_irq_mapper           ; --             ;
; IP_TOOL_VERSION                     ; 13.0.1                                                       ; --               ; HostSystem_memory               ; --             ;
; IP_TOOL_VERSION                     ; 13.0                                                         ; --               ; HostSystem_rsp_xbar_demux_001   ; --             ;
; IP_TOOL_VERSION                     ; 13.0                                                         ; --               ; HostSystem_rsp_xbar_mux         ; --             ;
; IP_TOOL_VERSION                     ; 13.0.1                                                       ; --               ; HostSystem_uart                 ; --             ;
; IP_TOOL_VERSION                     ; 13.0                                                         ; --               ; altera_avalon_sc_fifo           ; --             ;
; IP_TOOL_VERSION                     ; 13.0                                                         ; --               ; altera_merlin_burst_adapter     ; --             ;
; IP_TOOL_VERSION                     ; 13.0                                                         ; --               ; altera_merlin_master_agent      ; --             ;
; IP_TOOL_VERSION                     ; 13.0                                                         ; --               ; altera_merlin_master_translator ; --             ;
; IP_TOOL_VERSION                     ; 13.0                                                         ; --               ; altera_merlin_slave_agent       ; --             ;
; IP_TOOL_VERSION                     ; 13.0                                                         ; --               ; altera_merlin_slave_translator  ; --             ;
; IP_TOOL_VERSION                     ; 13.0                                                         ; --               ; altera_merlin_width_adapter     ; --             ;
; IP_TOOL_VERSION                     ; 13.0                                                         ; --               ; altera_reset_controller         ; --             ;
; MAX_CORE_JUNCTION_TEMP              ; 85                                                           ; --               ; --                              ; --             ;
; MIN_CORE_JUNCTION_TEMP              ; 0                                                            ; --               ; --                              ; --             ;
; MISC_FILE                           ; HostSystem/synthesis/../../HostSystem.cmp                    ; --               ; --                              ; --             ;
; MISC_FILE                           ; HostSystem/synthesis/../../HostSystem.qsys                   ; --               ; --                              ; --             ;
; PARTITION_COLOR                     ; 16764057                                                     ; --               ; HostSystem                      ; Top            ;
; PARTITION_FITTER_PRESERVATION_LEVEL ; PLACEMENT_AND_ROUTING                                        ; --               ; HostSystem                      ; Top            ;
; PARTITION_NETLIST_TYPE              ; SOURCE                                                       ; --               ; HostSystem                      ; Top            ;
; POWER_BOARD_THERMAL_MODEL           ; None (CONSERVATIVE)                                          ; --               ; --                              ; --             ;
; POWER_PRESET_COOLING_SOLUTION       ; 23 MM HEAT SINK WITH 200 LFPM AIRFLOW                        ; --               ; --                              ; --             ;
; PROJECT_OUTPUT_DIRECTORY            ; output_files                                                 ; --               ; --                              ; --             ;
; SLD_INFO                            ; QSYS_NAME HostSystem HAS_SOPCINFO 1 GENERATION_ID 1526351577 ; --               ; HostSystem                      ; --             ;
; SOPCINFO_FILE                       ; HostSystem/synthesis/../../HostSystem.sopcinfo               ; --               ; --                              ; --             ;
; SYNTHESIS_ONLY_QIP                  ; On                                                           ; --               ; --                              ; --             ;
; TOP_LEVEL_ENTITY                    ; HostSystem                                                   ; NiosWithTopLevel ; --                              ; --             ;
+-------------------------------------+--------------------------------------------------------------+------------------+---------------------------------+----------------+


+-------------------------------------------------------------------------------------------------------------------------------+
; Flow Elapsed Time                                                                                                             ;
+---------------------------+--------------+-------------------------+---------------------+------------------------------------+
; Module Name               ; Elapsed Time ; Average Processors Used ; Peak Virtual Memory ; Total CPU Time (on all processors) ;
+---------------------------+--------------+-------------------------+---------------------+------------------------------------+
; Analysis & Synthesis      ; 00:00:05     ; 1.0                     ; 637 MB              ; 00:00:05                           ;
; Fitter                    ; 00:00:11     ; 1.0                     ; 1251 MB             ; 00:00:15                           ;
; Assembler                 ; 00:00:03     ; 1.0                     ; 512 MB              ; 00:00:02                           ;
; TimeQuest Timing Analyzer ; 00:00:02     ; 1.0                     ; 584 MB              ; 00:00:02                           ;
; EDA Netlist Writer        ; 00:00:01     ; 1.0                     ; 475 MB              ; 00:00:01                           ;
; Total                     ; 00:00:22     ; --                      ; --                  ; 00:00:25                           ;
+---------------------------+--------------+-------------------------+---------------------+------------------------------------+


+----------------------------------------------------------------------------------------+
; Flow OS Summary                                                                        ;
+---------------------------+------------------+-----------+------------+----------------+
; Module Name               ; Machine Hostname ; OS Name   ; OS Version ; Processor type ;
+---------------------------+------------------+-----------+------------+----------------+
; Analysis & Synthesis      ; Rafael-PC        ; Windows 7 ; 6.2        ; x86_64         ;
; Fitter                    ; Rafael-PC        ; Windows 7 ; 6.2        ; x86_64         ;
; Assembler                 ; Rafael-PC        ; Windows 7 ; 6.2        ; x86_64         ;
; TimeQuest Timing Analyzer ; Rafael-PC        ; Windows 7 ; 6.2        ; x86_64         ;
; EDA Netlist Writer        ; Rafael-PC        ; Windows 7 ; 6.2        ; x86_64         ;
+---------------------------+------------------+-----------+------------+----------------+


------------
; Flow Log ;
------------
quartus_map --read_settings_files=on --write_settings_files=off NiosWithTopLevel -c NiosWithTopLevel
quartus_fit --read_settings_files=off --write_settings_files=off NiosWithTopLevel -c NiosWithTopLevel
quartus_asm --read_settings_files=off --write_settings_files=off NiosWithTopLevel -c NiosWithTopLevel
quartus_sta NiosWithTopLevel -c NiosWithTopLevel
quartus_eda --read_settings_files=off --write_settings_files=off NiosWithTopLevel -c NiosWithTopLevel



