Info: Starting: Create block symbol file (.bsf)
Info: ip-generate --project-directory=D:/Documents/SimpleNiosII/ --output-directory=D:/Documents/SimpleNiosII/HostSystem/ --report-file=bsf:D:/Documents/SimpleNiosII/HostSystem.bsf --system-info=DEVICE_FAMILY="Cyclone II" --system-info=DEVICE=EP2C35F672C6 --system-info=DEVICE_SPEEDGRADE=6 --component-file=D:/Documents/SimpleNiosII/HostSystem.qsys
Progress: Loading SimpleNiosII/HostSystem.qsys
Progress: Reading input file
Progress: Adding clk_0 [clock_source 13.0]
Progress: Parameterizing module clk_0
Progress: Adding memory [altera_avalon_onchip_memory2 13.0.1]
Progress: Parameterizing module memory
Progress: Adding cpu [altera_nios2_qsys 13.0]
Progress: Parameterizing module cpu
Progress: Adding uart [altera_avalon_uart 13.0.1]
Progress: Parameterizing module uart
Progress: Building connections
Progress: Parameterizing connections
Progress: Validating
Progress: Done reading input file
Warning: HostSystem.cpu: No Debugger.  You will not be able to download or debug programs
Warning: HostSystem.uart: Interrupt sender uart.irq is not connected to an interrupt receiver
Info: ip-generate succeeded.
Info: Finished: Create block symbol file (.bsf)
Info: 
Info: Starting: Create HDL design files for synthesis
Info: ip-generate --project-directory=D:/Documents/SimpleNiosII/ --output-directory=D:/Documents/SimpleNiosII/HostSystem/synthesis/ --file-set=QUARTUS_SYNTH --report-file=sopcinfo:D:/Documents/SimpleNiosII/HostSystem.sopcinfo --report-file=html:D:/Documents/SimpleNiosII/HostSystem.html --report-file=qip:D:/Documents/SimpleNiosII/HostSystem/synthesis/HostSystem.qip --report-file=cmp:D:/Documents/SimpleNiosII/HostSystem.cmp --system-info=DEVICE_FAMILY="Cyclone II" --system-info=DEVICE=EP2C35F672C6 --system-info=DEVICE_SPEEDGRADE=6 --component-file=D:/Documents/SimpleNiosII/HostSystem.qsys --language=VERILOG
Progress: Loading SimpleNiosII/HostSystem.qsys
Progress: Reading input file
Progress: Adding clk_0 [clock_source 13.0]
Progress: Parameterizing module clk_0
Progress: Adding memory [altera_avalon_onchip_memory2 13.0.1]
Progress: Parameterizing module memory
Progress: Adding cpu [altera_nios2_qsys 13.0]
Progress: Parameterizing module cpu
Progress: Adding uart [altera_avalon_uart 13.0.1]
Progress: Parameterizing module uart
Progress: Building connections
Progress: Parameterizing connections
Progress: Validating
Progress: Done reading input file
Warning: HostSystem.cpu: No Debugger.  You will not be able to download or debug programs
Warning: HostSystem.uart: Interrupt sender uart.irq is not connected to an interrupt receiver
Info: HostSystem: Generating HostSystem "HostSystem" for QUARTUS_SYNTH
Info: pipeline_bridge_swap_transform: After transform: 4 modules, 9 connections
Info: No custom instruction connections, skipping transform 
Info: merlin_translator_transform: After transform: 8 modules, 21 connections
Info: merlin_domain_transform: After transform: 15 modules, 56 connections
Info: merlin_router_transform: After transform: 19 modules, 68 connections
Info: reset_adaptation_transform: After transform: 20 modules, 70 connections
Info: merlin_network_to_switch_transform: After transform: 27 modules, 84 connections
Info: merlin_mm_transform: After transform: 27 modules, 84 connections
Info: merlin_interrupt_mapper_transform: After transform: 28 modules, 87 connections
Warning: HostSystem: "No matching role found for uart:s1:dataavailable (dataavailable)"
Warning: HostSystem: "No matching role found for uart:s1:readyfordata (readyfordata)"
Info: memory: Starting RTL generation for module 'HostSystem_memory'
Info: memory:   Generation command is [exec C:/altera/13.0/quartus/bin/perl/bin/perl.exe -I C:/altera/13.0/quartus/common/ip/altera/common/perl/5.8.3 -I C:/altera/13.0/quartus/sopc_builder/bin/europa -I C:/altera/13.0/quartus/sopc_builder/bin/perl_lib -I C:/altera/13.0/quartus/sopc_builder/bin -I C:/altera/13.0/quartus/../ip/altera/sopc_builder_ip/common -I C:/altera/13.0/quartus/../ip/altera/sopc_builder_ip/altera_avalon_onchip_memory2 -- C:/altera/13.0/quartus/../ip/altera/sopc_builder_ip/altera_avalon_onchip_memory2/generate_rtl.pl --name=HostSystem_memory --dir=C:/Users/DAELN/AppData/Local/Temp/alt7639_5087567680027095090.dir/0001_memory_gen/ --quartus_dir=C:/altera/13.0/quartus --verilog --config=C:/Users/DAELN/AppData/Local/Temp/alt7639_5087567680027095090.dir/0001_memory_gen//HostSystem_memory_component_configuration.pl  --do_build_sim=0  ]
Info: memory: Done RTL generation for module 'HostSystem_memory'
Info: memory: "HostSystem" instantiated altera_avalon_onchip_memory2 "memory"
Info: cpu: Starting RTL generation for module 'HostSystem_cpu'
Info: cpu:   Generation command is [exec C:/altera/13.0/quartus/../ip/altera/nios2_ip/altera_nios2/eperl.exe -I C:/altera/13.0/quartus/common/ip/altera/common/perl/5.8.3 -I C:/altera/13.0/quartus/sopc_builder/bin/europa -I C:/altera/13.0/quartus/sopc_builder/bin/perl_lib -I C:/altera/13.0/quartus/sopc_builder/bin -I C:/altera/13.0/quartus/../ip/altera/nios2_ip/altera_nios2/cpu_lib -I C:/altera/13.0/quartus/../ip/altera/nios2_ip/altera_nios2/nios_lib -I C:/altera/13.0/quartus/../ip/altera/nios2_ip/altera_nios2 -I C:/altera/13.0/quartus/../ip/altera/nios2_ip/altera_nios2 -- C:/altera/13.0/quartus/../ip/altera/nios2_ip/altera_nios2/generate_rtl.epl --name=HostSystem_cpu --dir=C:/Users/DAELN/AppData/Local/Temp/alt7639_5087567680027095090.dir/0002_cpu_gen/ --quartus_dir=C:/altera/13.0/quartus --verilog --config=C:/Users/DAELN/AppData/Local/Temp/alt7639_5087567680027095090.dir/0002_cpu_gen//HostSystem_cpu_processor_configuration.pl  --do_build_sim=0    --bogus  ]
Info: cpu: # 2018.04.18 11:09:03 (*) Starting Nios II generation
Info: cpu: # 2018.04.18 11:09:03 (*)   Checking for plaintext license.
Info: cpu: # 2018.04.18 11:09:04 (*)   Couldn't query license setup in Quartus directory C:/altera/13.0/quartus
Info: cpu: # 2018.04.18 11:09:04 (*)   Defaulting to contents of LM_LICENSE_FILE environment variable
Info: cpu: # 2018.04.18 11:09:04 (*)   LM_LICENSE_FILE environment variable is empty
Info: cpu: # 2018.04.18 11:09:04 (*)   Plaintext license not found.
Info: cpu: # 2018.04.18 11:09:04 (*)   No license required to generate encrypted Nios II/e.
Info: cpu: # 2018.04.18 11:09:04 (*)   Elaborating CPU configuration settings
Info: cpu: # 2018.04.18 11:09:04 (*)   Creating all objects for CPU
Info: cpu: # 2018.04.18 11:09:04 (*)   Generating RTL from CPU objects
Info: cpu: # 2018.04.18 11:09:04 (*)   Creating plain-text RTL
Info: cpu: # 2018.04.18 11:09:04 (*) Done Nios II generation
Info: cpu: Done RTL generation for module 'HostSystem_cpu'
Info: cpu: "HostSystem" instantiated altera_nios2_qsys "cpu"
Info: uart: Starting RTL generation for module 'HostSystem_uart'
Info: uart:   Generation command is [exec C:/altera/13.0/quartus/bin/perl/bin/perl.exe -I C:/altera/13.0/quartus/common/ip/altera/common/perl/5.8.3 -I C:/altera/13.0/quartus/sopc_builder/bin/europa -I C:/altera/13.0/quartus/sopc_builder/bin/perl_lib -I C:/altera/13.0/quartus/sopc_builder/bin -I C:/altera/13.0/quartus/../ip/altera/sopc_builder_ip/common -I C:/altera/13.0/quartus/../ip/altera/sopc_builder_ip/altera_avalon_uart -- C:/altera/13.0/quartus/../ip/altera/sopc_builder_ip/altera_avalon_uart/generate_rtl.pl --name=HostSystem_uart --dir=C:/Users/DAELN/AppData/Local/Temp/alt7639_5087567680027095090.dir/0003_uart_gen/ --quartus_dir=C:/altera/13.0/quartus --verilog --config=C:/Users/DAELN/AppData/Local/Temp/alt7639_5087567680027095090.dir/0003_uart_gen//HostSystem_uart_component_configuration.pl  --do_build_sim=0  ]
Info: uart: Done RTL generation for module 'HostSystem_uart'
Info: uart: "HostSystem" instantiated altera_avalon_uart "uart"
Info: cpu_data_master_translator: "HostSystem" instantiated altera_merlin_master_translator "cpu_data_master_translator"
Info: uart_s1_translator: "HostSystem" instantiated altera_merlin_slave_translator "uart_s1_translator"
Info: cpu_data_master_translator_avalon_universal_master_0_agent: "HostSystem" instantiated altera_merlin_master_agent "cpu_data_master_translator_avalon_universal_master_0_agent"
Info: uart_s1_translator_avalon_universal_slave_0_agent: "HostSystem" instantiated altera_merlin_slave_agent "uart_s1_translator_avalon_universal_slave_0_agent"
Info: uart_s1_translator_avalon_universal_slave_0_agent_rsp_fifo: "HostSystem" instantiated altera_avalon_sc_fifo "uart_s1_translator_avalon_universal_slave_0_agent_rsp_fifo"
Info: addr_router: "HostSystem" instantiated altera_merlin_router "addr_router"
Info: addr_router_001: "HostSystem" instantiated altera_merlin_router "addr_router_001"
Info: id_router: "HostSystem" instantiated altera_merlin_router "id_router"
Info: id_router_001: "HostSystem" instantiated altera_merlin_router "id_router_001"
Info: rst_controller: "HostSystem" instantiated altera_reset_controller "rst_controller"
Info: cmd_xbar_demux: "HostSystem" instantiated altera_merlin_demultiplexer "cmd_xbar_demux"
Info: cmd_xbar_demux_001: "HostSystem" instantiated altera_merlin_demultiplexer "cmd_xbar_demux_001"
Info: cmd_xbar_mux_001: "HostSystem" instantiated altera_merlin_multiplexer "cmd_xbar_mux_001"
Info: rsp_xbar_mux: "HostSystem" instantiated altera_merlin_multiplexer "rsp_xbar_mux"
Info: Reusing file D:/Documents/SimpleNiosII/HostSystem/synthesis/submodules/altera_merlin_arbitrator.sv
Info: irq_mapper: "HostSystem" instantiated altera_irq_mapper "irq_mapper"
Info: HostSystem: Done HostSystem" with 19 modules, 35 files, 633672 bytes
Info: ip-generate succeeded.
Info: Finished: Create HDL design files for synthesis
